<?xml version="1.0" encoding="UTF-8"?>
<testsuite name="com.phonebook.tests.AddNewContactTests" tests="1" skipped="0" failures="0" errors="0" timestamp="2024-02-18T14:59:35" hostname="SASHA" time="1.885">
  <properties/>
  <testcase name="addNewContactPositiveTest" classname="com.phonebook.tests.AddNewContactTests" time="1.885"/>
  <system-out><![CDATA[]]></system-out>
  <system-err><![CDATA[]]></system-err>
</testsuite>
