<?xml version="1.0" encoding="UTF-8"?>
<testsuite name="com.phonebook.tests.RemoveContactTest" tests="1" skipped="0" failures="0" errors="0" timestamp="2024-02-18T14:59:49" hostname="SASHA" time="1.515">
  <properties/>
  <testcase name="removeContactTest" classname="com.phonebook.tests.RemoveContactTest" time="1.515"/>
  <system-out><![CDATA[]]></system-out>
  <system-err><![CDATA[]]></system-err>
</testsuite>
